Determining if the pthread_create exist failed with the following output:
Change Dir: /media/kronton/New Volume/my works/AUC Robotics/day3/tasks/src/kronton_ws/build/CMakeFiles/CMakeTmp

Run Build Command:"/usr/bin/make" "cmTC_4523a/fast"
/usr/bin/make -f CMakeFiles/cmTC_4523a.dir/build.make CMakeFiles/cmTC_4523a.dir/build
make[1]: Entering directory '/media/kronton/New Volume/my works/AUC Robotics/day3/tasks/src/kronton_ws/build/CMakeFiles/CMakeTmp'
Building C object CMakeFiles/cmTC_4523a.dir/CheckSymbolExists.c.o
/usr/bin/cc    -o CMakeFiles/cmTC_4523a.dir/CheckSymbolExists.c.o   -c "/media/kronton/New Volume/my works/AUC Robotics/day3/tasks/src/kronton_ws/build/CMakeFiles/CMakeTmp/CheckSymbolExists.c"
Linking C executable cmTC_4523a
/usr/bin/cmake -E cmake_link_script CMakeFiles/cmTC_4523a.dir/link.txt --verbose=1
/usr/bin/cc      -rdynamic CMakeFiles/cmTC_4523a.dir/CheckSymbolExists.c.o  -o cmTC_4523a 
CMakeFiles/cmTC_4523a.dir/CheckSymbolExists.c.o: In function `main':
CheckSymbolExists.c:(.text+0x1b): undefined reference to `pthread_create'
collect2: error: ld returned 1 exit status
CMakeFiles/cmTC_4523a.dir/build.make:97: recipe for target 'cmTC_4523a' failed
make[1]: *** [cmTC_4523a] Error 1
make[1]: Leaving directory '/media/kronton/New Volume/my works/AUC Robotics/day3/tasks/src/kronton_ws/build/CMakeFiles/CMakeTmp'
Makefile:126: recipe for target 'cmTC_4523a/fast' failed
make: *** [cmTC_4523a/fast] Error 2

File /media/kronton/New Volume/my works/AUC Robotics/day3/tasks/src/kronton_ws/build/CMakeFiles/CMakeTmp/CheckSymbolExists.c:
/* */
#include <pthread.h>

int main(int argc, char** argv)
{
  (void)argv;
#ifndef pthread_create
  return ((int*)(&pthread_create))[argc];
#else
  (void)argc;
  return 0;
#endif
}

Determining if the function pthread_create exists in the pthreads failed with the following output:
Change Dir: /media/kronton/New Volume/my works/AUC Robotics/day3/tasks/src/kronton_ws/build/CMakeFiles/CMakeTmp

Run Build Command:"/usr/bin/make" "cmTC_ee8ca/fast"
/usr/bin/make -f CMakeFiles/cmTC_ee8ca.dir/build.make CMakeFiles/cmTC_ee8ca.dir/build
make[1]: Entering directory '/media/kronton/New Volume/my works/AUC Robotics/day3/tasks/src/kronton_ws/build/CMakeFiles/CMakeTmp'
Building C object CMakeFiles/cmTC_ee8ca.dir/CheckFunctionExists.c.o
/usr/bin/cc   -DCHECK_FUNCTION_EXISTS=pthread_create   -o CMakeFiles/cmTC_ee8ca.dir/CheckFunctionExists.c.o   -c /usr/share/cmake-3.10/Modules/CheckFunctionExists.c
Linking C executable cmTC_ee8ca
/usr/bin/cmake -E cmake_link_script CMakeFiles/cmTC_ee8ca.dir/link.txt --verbose=1
/usr/bin/cc  -DCHECK_FUNCTION_EXISTS=pthread_create    -rdynamic CMakeFiles/cmTC_ee8ca.dir/CheckFunctionExists.c.o  -o cmTC_ee8ca -lpthreads 
/usr/bin/ld: cannot find -lpthreads
collect2: error: ld returned 1 exit status
CMakeFiles/cmTC_ee8ca.dir/build.make:97: recipe for target 'cmTC_ee8ca' failed
make[1]: *** [cmTC_ee8ca] Error 1
make[1]: Leaving directory '/media/kronton/New Volume/my works/AUC Robotics/day3/tasks/src/kronton_ws/build/CMakeFiles/CMakeTmp'
Makefile:126: recipe for target 'cmTC_ee8ca/fast' failed
make: *** [cmTC_ee8ca/fast] Error 2


